# JRE version: OpenJDK Runtime Environment (11.0.8+10) (build 11.0.8+10-b944.6842174)
# Java VM: OpenJDK 64-Bit Server VM (11.0.8+10-b944.6842174, mixed mode, tiered, compressed oops, g1 gc, windows-amd64)
Heap:
 garbage-first heap   total 210944K, used 57854K [0x0000000080000000, 0x0000000100000000)
  region size 1024K, 5 young (5120K), 5 survivors (5120K)
 Metaspace       used 68105K, capacity 68870K, committed 68992K, reserved 1110016K
  class space    used 7701K, capacity 7993K, committed 8064K, reserved 1048576K
GC Heap History (17 events):
Event: 0.478 GC heap before
{Heap before GC invocations=0 (full 0):
 garbage-first heap   total 131072K, used 17408K [0x0000000080000000, 0x0000000100000000)
  region size 1024K, 14 young (14336K), 0 survivors (0K)
 Metaspace       used 9791K, capacity 9935K, committed 10112K, reserved 1058816K
  class space    used 831K, capacity 884K, committed 896K, reserved 1048576K
}
Event: 0.481 GC heap after
{Heap after GC invocations=1 (full 0):
 garbage-first heap   total 131072K, used 5120K [0x0000000080000000, 0x0000000100000000)
  region size 1024K, 2 young (2048K), 2 survivors (2048K)
 Metaspace       used 9791K, capacity 9935K, committed 10112K, reserved 1058816K
  class space    used 831K, capacity 884K, committed 896K, reserved 1048576K
}
Event: 1.389 GC heap before
{Heap before GC invocations=1 (full 0):
 garbage-first heap   total 131072K, used 51200K [0x0000000080000000, 0x0000000100000000)
  region size 1024K, 48 young (49152K), 2 survivors (2048K)
 Metaspace       used 20966K, capacity 21156K, committed 21248K, reserved 1069056K
  class space    used 2218K, capacity 2284K, committed 2304K, reserved 1048576K
}
Event: 1.404 GC heap after
{Heap after GC invocations=2 (full 0):
 garbage-first heap   total 131072K, used 9292K [0x0000000080000000, 0x0000000100000000)
  region size 1024K, 7 young (7168K), 7 survivors (7168K)
 Metaspace       used 20966K, capacity 21156K, committed 21248K, reserved 1069056K
  class space    used 2218K, capacity 2284K, committed 2304K, reserved 1048576K
}
Event: 2.370 GC heap before
{Heap before GC invocations=3 (full 0):
 garbage-first heap   total 131072K, used 66636K [0x0000000080000000, 0x0000000100000000)
  region size 1024K, 55 young (56320K), 7 survivors (7168K)
 Metaspace       used 31627K, capacity 32034K, committed 32128K, reserved 1077248K
  class space    used 3754K, capacity 3919K, committed 3968K, reserved 1048576K
}
Event: 2.388 GC heap after
{Heap after GC invocations=4 (full 0):
 garbage-first heap   total 131072K, used 23346K [0x0000000080000000, 0x0000000100000000)
  region size 1024K, 6 young (6144K), 6 survivors (6144K)
 Metaspace       used 31627K, capacity 32034K, committed 32128K, reserved 1077248K
  class space    used 3754K, capacity 3919K, committed 3968K, reserved 1048576K
}
Event: 2.718 GC heap before
{Heap before GC invocations=4 (full 0):
 garbage-first heap   total 131072K, used 40754K [0x0000000080000000, 0x0000000100000000)
  region size 1024K, 24 young (24576K), 6 survivors (6144K)
 Metaspace       used 35117K, capacity 35526K, committed 35584K, reserved 1081344K
  class space    used 4137K, capacity 4314K, committed 4352K, reserved 1048576K
}
Event: 2.737 GC heap after
{Heap after GC invocations=5 (full 0):
 garbage-first heap   total 131072K, used 26033K [0x0000000080000000, 0x0000000100000000)
  region size 1024K, 3 young (3072K), 3 survivors (3072K)
 Metaspace       used 35117K, capacity 35526K, committed 35584K, reserved 1081344K
  class space    used 4137K, capacity 4314K, committed 4352K, reserved 1048576K
}
Event: 3.728 GC heap before
{Heap before GC invocations=6 (full 0):
 garbage-first heap   total 131072K, used 83377K [0x0000000080000000, 0x0000000100000000)
  region size 1024K, 58 young (59392K), 3 survivors (3072K)
 Metaspace       used 44808K, capacity 45291K, committed 45440K, reserved 1089536K
  class space    used 5284K, capacity 5472K, committed 5504K, reserved 1048576K
}
Event: 3.755 GC heap after
{Heap after GC invocations=7 (full 0):
 garbage-first heap   total 161792K, used 33449K [0x0000000080000000, 0x0000000100000000)
  region size 1024K, 8 young (8192K), 8 survivors (8192K)
 Metaspace       used 44808K, capacity 45291K, committed 45440K, reserved 1089536K
  class space    used 5284K, capacity 5472K, committed 5504K, reserved 1048576K
}
Event: 4.096 GC heap before
{Heap before GC invocations=8 (full 0):
 garbage-first heap   total 161792K, used 59049K [0x0000000080000000, 0x0000000100000000)
  region size 1024K, 33 young (33792K), 8 survivors (8192K)
 Metaspace       used 46659K, capacity 47125K, committed 47232K, reserved 1091584K
  class space    used 5483K, capacity 5678K, committed 5760K, reserved 1048576K
}
Event: 4.112 GC heap after
{Heap after GC invocations=9 (full 0):
 garbage-first heap   total 161792K, used 35819K [0x0000000080000000, 0x0000000100000000)
  region size 1024K, 3 young (3072K), 3 survivors (3072K)
 Metaspace       used 46659K, capacity 47125K, committed 47232K, reserved 1091584K
  class space    used 5483K, capacity 5678K, committed 5760K, reserved 1048576K
}
Event: 5.394 GC heap before
{Heap before GC invocations=9 (full 0):
 garbage-first heap   total 161792K, used 97259K [0x0000000080000000, 0x0000000100000000)
  region size 1024K, 63 young (64512K), 3 survivors (3072K)
 Metaspace       used 53346K, capacity 53951K, committed 54272K, reserved 1097728K
  class space    used 6101K, capacity 6328K, committed 6400K, reserved 1048576K
}
Event: 5.416 GC heap after
{Heap after GC invocations=10 (full 0):
 garbage-first heap   total 161792K, used 44443K [0x0000000080000000, 0x0000000100000000)
  region size 1024K, 8 young (8192K), 8 survivors (8192K)
 Metaspace       used 53346K, capacity 53951K, committed 54272K, reserved 1097728K
  class space    used 6101K, capacity 6328K, committed 6400K, reserved 1048576K
}
Event: 7.209 GC heap before
{Heap before GC invocations=10 (full 0):
 garbage-first heap   total 161792K, used 105883K [0x0000000080000000, 0x0000000100000000)
  region size 1024K, 68 young (69632K), 8 survivors (8192K)
 Metaspace       used 60506K, capacity 61222K, committed 61312K, reserved 1103872K
  class space    used 6941K, capacity 7231K, committed 7296K, reserved 1048576K
}
Event: 7.239 GC heap after
{Heap after GC invocations=11 (full 0):
 garbage-first heap   total 161792K, used 53404K [0x0000000080000000, 0x0000000100000000)
  region size 1024K, 9 young (9216K), 9 survivors (9216K)
 Metaspace       used 60506K, capacity 61222K, committed 61312K, reserved 1103872K
  class space    used 6941K, capacity 7231K, committed 7296K, reserved 1048576K
}
Event: 8.676 GC heap before
{Heap before GC invocations=11 (full 0):
 garbage-first heap   total 161792K, used 112796K [0x0000000080000000, 0x0000000100000000)
  region size 1024K, 67 young (68608K), 9 survivors (9216K)
 Metaspace       used 68105K, capacity 68870K, committed 68992K, reserved 1110016K
  class space    used 7701K, capacity 7993K, committed 8064K, reserved 1048576K
}

